<?xml version="1.0" encoding="UTF-8"?>
<!-- Generated by org.testng.reporters.JUnitXMLReporter -->
<testsuite hostname="DESKTOP-TPKVVQE" ignored="0" name="Default test" tests="4" failures="0" timestamp="03 Jan 2023 15:38:51 GMT" time="0.068" errors="0">
  <testcase name="testCase1" time="0.014" classname="Day18_TestNG.TestNG_example1$Sample1"/>
  <testcase name="logintest" time="0.005" classname="Day18_TestNG.TestNG_example1"/>
  <testcase name="createtaask" time="0.006" classname="Day18_TestNG.TestNG_example1"/>
  <testcase name="logout" time="0.002" classname="Day18_TestNG.TestNG_example1"/>
</testsuite> <!-- Default test -->
