<?xml version="1.0" encoding="UTF-8"?>
<testng-results ignored="3" total="5" passed="2" failed="0" skipped="0">
  <reporter-output>
  </reporter-output>
  <suite started-at="2023-01-17T07:16:44Z" name="TestNg_Suite" finished-at="2023-01-17T07:16:44Z" duration-ms="52">
    <groups>
      <group name="Smoke Test">
        <method signature="GroupExamples.testCaseFive()[pri:0, instance:Day24_TestNG_Advance.GroupExamples@4e3958e7]" name="testCaseFive" class="Day24_TestNG_Advance.GroupExamples"/>
        <method signature="GroupExamples.testCaseThree()[pri:0, instance:Day24_TestNG_Advance.GroupExamples@4e3958e7]" name="testCaseThree" class="Day24_TestNG_Advance.GroupExamples"/>
      </group> <!-- Smoke Test -->
    </groups>
    <test started-at="2023-01-17T07:16:44Z" name="TestNg_Test" finished-at="2023-01-17T07:16:44Z" duration-ms="52">
      <class name="Day24_TestNG_Advance.GroupExamples">
        <test-method signature="testCaseFive()[pri:0, instance:Day24_TestNG_Advance.GroupExamples@4e3958e7]" started-at="2023-01-17T07:16:44Z" name="testCaseFive" finished-at="2023-01-17T07:16:44Z" duration-ms="17" status="PASS">
          <reporter-output>
          </reporter-output>
        </test-method> <!-- testCaseFive -->
        <test-method signature="testCaseThree()[pri:0, instance:Day24_TestNG_Advance.GroupExamples@4e3958e7]" started-at="2023-01-17T07:16:44Z" name="testCaseThree" finished-at="2023-01-17T07:16:44Z" duration-ms="1" status="PASS">
          <reporter-output>
          </reporter-output>
        </test-method> <!-- testCaseThree -->
      </class> <!-- Day24_TestNG_Advance.GroupExamples -->
    </test> <!-- TestNg_Test -->
  </suite> <!-- TestNg_Suite -->
</testng-results>
