<?xml version="1.0" encoding="UTF-8"?>
<!-- Generated by org.testng.reporters.JUnitXMLReporter -->
<testsuite ignored="3" hostname="DESKTOP-TPKVVQE" failures="0" tests="2" name="TestNg_Test" time="0.057" errors="0" timestamp="17 Jan 2023 08:45:05 GMT">
  <testcase classname="Day24_TestNG_Advance.GroupExamples" name="testCaseFive" time="0.017"/>
  <testcase classname="Day24_TestNG_Advance.GroupExamples" name="testCaseThree" time="0.002"/>
  <testcase classname="Day24_TestNG_Advance.GroupExamples" name="testCaseFour" time="0.0">
    <ignored/>
  </testcase> <!-- testCaseFour -->
  <testcase classname="Day24_TestNG_Advance.GroupExamples" name="testCaseOne" time="0.0">
    <ignored/>
  </testcase> <!-- testCaseOne -->
  <testcase classname="Day24_TestNG_Advance.GroupExamples" name="testCaseTwo" time="0.0">
    <ignored/>
  </testcase> <!-- testCaseTwo -->
</testsuite> <!-- TestNg_Test -->
