<?xml version="1.0" encoding="UTF-8"?>
<testng-results ignored="0" total="1" passed="1" failed="0" skipped="0">
  <reporter-output>
  </reporter-output>
  <suite started-at="2023-01-30T21:40:04 IST" name="Suite" finished-at="2023-01-30T21:41:01 IST" duration-ms="57816">
    <groups>
    </groups>
    <test started-at="2023-01-30T21:40:04 IST" name="Test" finished-at="2023-01-30T21:41:01 IST" duration-ms="57816">
      <class name="day17_Assignment.Orange_HRM_assignment">
        <test-method is-config="true" signature="open_url()[pri:0, instance:day17_Assignment.Orange_HRM_assignment@611889f4]" started-at="2023-01-30T21:40:04 IST" name="open_url" finished-at="2023-01-30T21:40:18 IST" duration-ms="14657" status="PASS">
          <reporter-output>
          </reporter-output>
        </test-method> <!-- open_url -->
        <test-method signature="Login()[pri:0, instance:day17_Assignment.Orange_HRM_assignment@611889f4]" started-at="2023-01-30T21:40:18 IST" name="Login" finished-at="2023-01-30T21:41:01 IST" duration-ms="43082" status="PASS">
          <reporter-output>
          </reporter-output>
        </test-method> <!-- Login -->
      </class> <!-- day17_Assignment.Orange_HRM_assignment -->
    </test> <!-- Test -->
  </suite> <!-- Suite -->
</testng-results>
