<?xml version="1.0" encoding="UTF-8"?>
<testng-results total="1" passed="1" failed="0" skipped="0">
  <reporter-output>
  </reporter-output>
  <suite started-at="2023-01-28T03:51:55Z" name="Default suite" finished-at="2023-01-28T03:52:07Z" duration-ms="11061">
    <groups>
      <group name="cucumber">
        <method signature="AbstractTestNGCucumberTests.runScenario(io.cucumber.testng.PickleWrapper, io.cucumber.testng.FeatureWrapper)[pri:0, instance:runner.TestRunner@302c971f]" name="runScenario" class="io.cucumber.testng.AbstractTestNGCucumberTests"/>
      </group> <!-- cucumber -->
    </groups>
    <test started-at="2023-01-28T03:51:55Z" name="Default test" finished-at="2023-01-28T03:52:07Z" duration-ms="11061">
      <class name="runner.TestRunner">
        <test-method is-config="true" signature="setUpClass()[pri:0, instance:runner.TestRunner@302c971f]" started-at="2023-01-28T09:21:56Z" name="setUpClass" finished-at="2023-01-28T09:21:56Z" duration-ms="886" status="PASS">
          <reporter-output>
          </reporter-output>
        </test-method> <!-- setUpClass -->
        <test-method signature="runScenario(io.cucumber.testng.PickleWrapper, io.cucumber.testng.FeatureWrapper)[pri:0, instance:runner.TestRunner@302c971f]" started-at="2023-01-28T09:21:56Z" name="runScenario" description="Runs Cucumber Scenarios" data-provider="scenarios" finished-at="2023-01-28T09:22:05Z" duration-ms="8548" status="PASS">
          <params>
            <param index="0">
              <value>
                <![CDATA["Verify user is able to login in the application with valid credentinal"]]>
              </value>
            </param>
            <param index="1">
              <value>
                <![CDATA["Optional[This feature contains valid login test for Vtiger]"]]>
              </value>
            </param>
          </params>
          <reporter-output>
          </reporter-output>
        </test-method> <!-- runScenario -->
        <test-method is-config="true" signature="tearDownClass()[pri:0, instance:runner.TestRunner@302c971f]" started-at="2023-01-28T09:22:05Z" name="tearDownClass" finished-at="2023-01-28T09:22:07Z" duration-ms="1594" status="PASS">
          <reporter-output>
          </reporter-output>
        </test-method> <!-- tearDownClass -->
      </class> <!-- runner.TestRunner -->
    </test> <!-- Default test -->
  </suite> <!-- Default suite -->
</testng-results>
