<?xml version="1.0" encoding="UTF-8"?>
<!-- Generated by org.testng.reporters.JUnitXMLReporter -->
<testsuite hostname="DESKTOP-TPKVVQE" ignored="0" name="Testing Parameterization" tests="4" failures="0" timestamp="12 Jan 2023 18:06:10 GMT" time="9.35" errors="0">
  <testcase name="testCaseOne" time="0.015" classname="Day24_TestNG_Advance.Parameterization"/>
  <testcase name="testCaseThree" time="0.004" classname="Day24_TestNG_Advance.Parameterization"/>
  <testcase name="testCaseTwo" time="0.005" classname="Day24_TestNG_Advance.Parameterization"/>
  <testcase name="testLoginOfVtiger" time="9.233" classname="Day24_TestNG_Advance.Parameterization"/>
</testsuite> <!-- Testing Parameterization -->
