<?xml version="1.0" encoding="UTF-8"?>
<!-- Generated by org.testng.reporters.JUnitXMLReporter -->
<testsuite ignored="0" hostname="DESKTOP-TPKVVQE" failures="0" tests="4" name="Default test" time="23.946" errors="0" timestamp="2023-01-26T16:21:34 IST">
  <testcase classname="Testscript_actitime.TestActiTime" name="testActiTimeLoginFeature" time="0.78"/>
  <testcase classname="Testscript_actitime.TestActiTime" name="testActiTimeHomePageFeature" time="7.032"/>
  <testcase classname="Testscript_actitime.TestActiTime" name="testActiTimeTaskCreation" time="3.968"/>
  <testcase classname="Testscript_actitime.TestActiTime" name="testActiTimeTaskDeletion" time="3.25"/>
</testsuite> <!-- Default test -->
