<?xml version="1.0" encoding="UTF-8"?>
<testng-results skipped="0" failed="0" ignored="0" total="4" passed="4">
  <reporter-output>
  </reporter-output>
  <suite name="Default suite" duration-ms="68" started-at="2023-01-03T15:38:51Z" finished-at="2023-01-03T15:38:51Z">
    <groups>
    </groups>
    <test name="Default test" duration-ms="68" started-at="2023-01-03T15:38:51Z" finished-at="2023-01-03T15:38:51Z">
      <class name="Day18_TestNG.TestNG_example1$Sample1">
        <test-method status="PASS" signature="testCase1()[pri:0, instance:Day18_TestNG.TestNG_example1$Sample1@67e2d983]" name="testCase1" duration-ms="14" started-at="2023-01-03T15:38:51Z" finished-at="2023-01-03T15:38:51Z">
          <reporter-output>
          </reporter-output>
        </test-method> <!-- testCase1 -->
      </class> <!-- Day18_TestNG.TestNG_example1$Sample1 -->
      <class name="Day18_TestNG.TestNG_example1">
        <test-method status="PASS" signature="logintest()[pri:1, instance:Day18_TestNG.TestNG_example1@4de5031f]" name="logintest" duration-ms="5" started-at="2023-01-03T15:38:51Z" finished-at="2023-01-03T15:38:51Z">
          <reporter-output>
          </reporter-output>
        </test-method> <!-- logintest -->
        <test-method status="PASS" signature="createtaask()[pri:2, instance:Day18_TestNG.TestNG_example1@4de5031f]" name="createtaask" duration-ms="6" started-at="2023-01-03T15:38:51Z" finished-at="2023-01-03T15:38:51Z">
          <reporter-output>
          </reporter-output>
        </test-method> <!-- createtaask -->
        <test-method status="PASS" signature="logout()[pri:3, instance:Day18_TestNG.TestNG_example1@4de5031f]" name="logout" duration-ms="2" started-at="2023-01-03T15:38:51Z" finished-at="2023-01-03T15:38:51Z">
          <reporter-output>
          </reporter-output>
        </test-method> <!-- logout -->
      </class> <!-- Day18_TestNG.TestNG_example1 -->
    </test> <!-- Default test -->
  </suite> <!-- Default suite -->
</testng-results>
