<?xml version="1.0" encoding="UTF-8"?>
<!-- Generated by org.testng.reporters.JUnitXMLReporter -->
<testsuite hostname="DESKTOP-TPKVVQE" ignored="3" name="testing" tests="2" failures="0" timestamp="12 Jan 2023 17:24:27 GMT" time="0.095" errors="0">
  <testcase name="testCaseFive" time="0.021" classname="Day24_TestNG_Advance.GroupExamples"/>
  <testcase name="testCaseThree" time="0.004" classname="Day24_TestNG_Advance.GroupExamples"/>
  <testcase name="testCaseFour" time="0.0" classname="Day24_TestNG_Advance.GroupExamples">
    <ignored/>
  </testcase> <!-- testCaseFour -->
  <testcase name="testCaseOne" time="0.0" classname="Day24_TestNG_Advance.GroupExamples">
    <ignored/>
  </testcase> <!-- testCaseOne -->
  <testcase name="testCaseTwo" time="0.0" classname="Day24_TestNG_Advance.GroupExamples">
    <ignored/>
  </testcase> <!-- testCaseTwo -->
</testsuite> <!-- testing -->
